\BOOKMARK [1][-]{section.1}{Theorie and Motivation}{}% 1
\BOOKMARK [1][-]{section.2}{Simulating and Preparing the Data}{}% 2
\BOOKMARK [2][-]{subsection.2.1}{Simulation}{section.2}% 3
\BOOKMARK [2][-]{subsection.2.2}{Listwise Deletion}{section.2}% 4
\BOOKMARK [1][-]{section.3}{Estimating the Repeated Measures ANOVA}{}% 5
\BOOKMARK [2][-]{subsection.3.1}{Based on the ANOVA model}{section.3}% 6
\BOOKMARK [2][-]{subsection.3.2}{Estimation of our Repeated Measures ANOVA model}{section.3}% 7
\BOOKMARK [1][-]{section.4}{SSE Reduction with the Repeated Measures ANOVA}{}% 8
\BOOKMARK [2][-]{subsection.4.1}{Estimation of our ANOVA model}{section.4}% 9
\BOOKMARK [2][-]{subsection.4.2}{Comparing the Error Terms}{section.4}% 10
\BOOKMARK [1][-]{section.5}{Confidence Intervals\(CI\)}{}% 11
\BOOKMARK [2][-]{subsection.5.1}{Unadjusted CIs}{section.5}% 12
\BOOKMARK [2][-]{subsection.5.2}{Adjusted CIs}{section.5}% 13
\BOOKMARK [2][-]{subsection.5.3}{Plotting the CIs}{section.5}% 14
\BOOKMARK [1][-]{section.6}{Sphericity}{}% 15
\BOOKMARK [2][-]{subsection.6.1}{Test for Sphericity}{section.6}% 16
\BOOKMARK [2][-]{subsection.6.2}{Adjustment for Sphericity}{section.6}% 17
\BOOKMARK [1][-]{section.7}{Orthogonal polynomial contrasts}{}% 18
\BOOKMARK [2][-]{subsection.7.1}{Computing the Orthogonal Polynomial Contrasts}{section.7}% 19
\BOOKMARK [2][-]{subsection.7.2}{Plotting the Contrasts}{section.7}% 20
