This is pdfTeX, Version 3.14159265-2.6-1.40.16 (MiKTeX 2.9) (preloaded format=pdflatex 2016.3.16)  31 JAN 2017 14:45
entering extended mode
**./repeated_measurement_ANOVA_report.tex
(repeated_measurement_ANOVA_report.tex
LaTeX2e <2015/10/01> patch level 2
Babel <3.9n> and hyphenation patterns for 69 languages loaded.
("C:\Users\JM\AppData\Local\Programs\MiKTeX 2.9\tex\latex\base\article.cls"
Document Class: article 2014/09/29 v1.4h Standard LaTeX document class
("C:\Users\JM\AppData\Local\Programs\MiKTeX 2.9\tex\latex\base\size11.clo"
File: size11.clo 2014/09/29 v1.4h Standard LaTeX file (size option)
)
\c@part=\count79
\c@section=\count80
\c@subsection=\count81
\c@subsubsection=\count82
\c@paragraph=\count83
\c@subparagraph=\count84
\c@figure=\count85
\c@table=\count86
\abovecaptionskip=\skip41
\belowcaptionskip=\skip42
\bibindent=\dimen102
)
("C:\Users\JM\AppData\Local\Programs\MiKTeX 2.9\tex\latex\amsmath\amsmath.sty"
Package: amsmath 2013/01/14 v2.14 AMS math features
\@mathmargin=\skip43

For additional information on amsmath, use the `?' option.
("C:\Users\JM\AppData\Local\Programs\MiKTeX 2.9\tex\latex\amsmath\amstext.sty"
Package: amstext 2000/06/29 v2.01

("C:\Users\JM\AppData\Local\Programs\MiKTeX 2.9\tex\latex\amsmath\amsgen.sty"
File: amsgen.sty 1999/11/30 v2.0
\@emptytoks=\toks14
\ex@=\dimen103
)) ("C:\Users\JM\AppData\Local\Programs\MiKTeX 2.9\tex\latex\amsmath\amsbsy.sty
"
Package: amsbsy 1999/11/29 v1.2d
\pmbraise@=\dimen104
) ("C:\Users\JM\AppData\Local\Programs\MiKTeX 2.9\tex\latex\amsmath\amsopn.sty"
Package: amsopn 1999/12/14 v2.01 operator names
)
\inf@bad=\count87
LaTeX Info: Redefining \frac on input line 210.
\uproot@=\count88
\leftroot@=\count89
LaTeX Info: Redefining \overline on input line 306.
\classnum@=\count90
\DOTSCASE@=\count91
LaTeX Info: Redefining \ldots on input line 378.
LaTeX Info: Redefining \dots on input line 381.
LaTeX Info: Redefining \cdots on input line 466.
\Mathstrutbox@=\box26
\strutbox@=\box27
\big@size=\dimen105
LaTeX Font Info:    Redeclaring font encoding OML on input line 566.
LaTeX Font Info:    Redeclaring font encoding OMS on input line 567.
\macc@depth=\count92
\c@MaxMatrixCols=\count93
\dotsspace@=\muskip10
\c@parentequation=\count94
\dspbrk@lvl=\count95
\tag@help=\toks15
\row@=\count96
\column@=\count97
\maxfields@=\count98
\andhelp@=\toks16
\eqnshift@=\dimen106
\alignsep@=\dimen107
\tagshift@=\dimen108
\tagwidth@=\dimen109
\totwidth@=\dimen110
\lineht@=\dimen111
\@envbody=\toks17
\multlinegap=\skip44
\multlinetaggap=\skip45
\mathdisplay@stack=\toks18
LaTeX Info: Redefining \[ on input line 2665.
LaTeX Info: Redefining \] on input line 2666.
)
("C:\Users\JM\AppData\Local\Programs\MiKTeX 2.9\tex\latex\amsfonts\amsfonts.sty
"
Package: amsfonts 2013/01/14 v3.01 Basic AMSFonts support
\symAMSa=\mathgroup4
\symAMSb=\mathgroup5
LaTeX Font Info:    Overwriting math alphabet `\mathfrak' in version `bold'
(Font)                  U/euf/m/n --> U/euf/b/n on input line 106.
)
("C:\Users\JM\AppData\Local\Programs\MiKTeX 2.9\tex\latex\amsfonts\amssymb.sty"
Package: amssymb 2013/01/14 v3.01 AMS font symbols
)
("C:\Users\JM\AppData\Local\Programs\MiKTeX 2.9\tex\latex\graphics\graphicx.sty
"
Package: graphicx 2014/10/28 v1.0g Enhanced LaTeX Graphics (DPC,SPQR)
 ("C:\Users\JM\AppData\Local\Programs\MiKTeX 2.9\tex\latex\graphics\keyval.sty"
Package: keyval 2014/10/28 v1.15 key=value parser (DPC)
\KV@toks@=\toks19
)
("C:\Users\JM\AppData\Local\Programs\MiKTeX 2.9\tex\latex\graphics\graphics.sty
"
Package: graphics 2014/10/28 v1.0p Standard LaTeX Graphics (DPC,SPQR)
 ("C:\Users\JM\AppData\Local\Programs\MiKTeX 2.9\tex\latex\graphics\trig.sty"
Package: trig 1999/03/16 v1.09 sin cos tan (DPC)
) ("C:\Users\JM\AppData\Local\Programs\MiKTeX 2.9\tex\latex\00miktex\graphics.c
fg"
File: graphics.cfg 2007/01/18 v1.5 graphics configuration of teTeX/TeXLive
)
Package graphics Info: Driver file: pdftex.def on input line 94.

("C:\Users\JM\AppData\Local\Programs\MiKTeX 2.9\tex\latex\pdftex-def\pdftex.def
"
File: pdftex.def 2011/05/27 v0.06d Graphics/color for pdfTeX

("C:\Users\JM\AppData\Local\Programs\MiKTeX 2.9\tex\generic\oberdiek\infwarerr.
sty"
Package: infwarerr 2010/04/08 v1.3 Providing info/warning/error messages (HO)
)
("C:\Users\JM\AppData\Local\Programs\MiKTeX 2.9\tex\generic\oberdiek\ltxcmds.st
y"
Package: ltxcmds 2011/11/09 v1.22 LaTeX kernel commands for general use (HO)
)
\Gread@gobject=\count99
))
\Gin@req@height=\dimen112
\Gin@req@width=\dimen113
)
("C:\Users\JM\AppData\Local\Programs\MiKTeX 2.9\tex\latex\base\makeidx.sty"
Package: makeidx 2014/09/29 v1.0m Standard LaTeX package
)
("C:\Users\JM\AppData\Local\Programs\MiKTeX 2.9\tex\latex\framed\framed.sty"
Package: framed 2011/10/22 v 0.96: framed or shaded text with page breaks
\OuterFrameSep=\skip46
\fb@frw=\dimen114
\fb@frh=\dimen115
\FrameRule=\dimen116
\FrameSep=\dimen117
)
("C:\Users\JM\AppData\Local\Programs\MiKTeX 2.9\tex\latex\subfig\subfig.sty"
Package: subfig 2005/06/28 ver: 1.3 subfig package

("C:\Users\JM\AppData\Local\Programs\MiKTeX 2.9\tex\latex\caption\caption.sty"
Package: caption 2016/02/21 v3.3-144 Customizing captions (AR)

("C:\Users\JM\AppData\Local\Programs\MiKTeX 2.9\tex\latex\caption\caption3.sty"
Package: caption3 2016/02/04 v1.7-139 caption3 kernel (AR)
Package caption3 Info: TeX engine: e-TeX on input line 67.
\captionmargin=\dimen118
\captionmargin@=\dimen119
\captionwidth=\dimen120
\caption@tempdima=\dimen121
\caption@indent=\dimen122
\caption@parindent=\dimen123
\caption@hangindent=\dimen124
)
\c@ContinuedFloat=\count100
)
\c@KVtest=\count101
\sf@farskip=\skip47
\sf@captopadj=\dimen125
\sf@capskip=\skip48
\sf@nearskip=\skip49
\c@subfigure=\count102
\c@subfigure@save=\count103
\c@lofdepth=\count104
\c@subtable=\count105
\c@subtable@save=\count106
\c@lotdepth=\count107
\sf@top=\skip50
\sf@bottom=\skip51
)
("C:\Users\JM\AppData\Local\Programs\MiKTeX 2.9\tex\latex\hyperref\hyperref.sty
"
Package: hyperref 2012/11/06 v6.83m Hypertext links for LaTeX

("C:\Users\JM\AppData\Local\Programs\MiKTeX 2.9\tex\generic\oberdiek\hobsub-hyp
erref.sty"
Package: hobsub-hyperref 2012/04/25 v1.12 Bundle oberdiek, subset hyperref (HO)


("C:\Users\JM\AppData\Local\Programs\MiKTeX 2.9\tex\generic\oberdiek\hobsub-gen
eric.sty"
Package: hobsub-generic 2012/04/25 v1.12 Bundle oberdiek, subset generic (HO)
Package: hobsub 2012/04/25 v1.12 Construct package bundles (HO)
Package hobsub Info: Skipping package `infwarerr' (already loaded).
Package hobsub Info: Skipping package `ltxcmds' (already loaded).
Package: ifluatex 2010/03/01 v1.3 Provides the ifluatex switch (HO)
Package ifluatex Info: LuaTeX not detected.
Package: ifvtex 2010/03/01 v1.5 Detect VTeX and its facilities (HO)
Package ifvtex Info: VTeX not detected.
Package: intcalc 2007/09/27 v1.1 Expandable calculations with integers (HO)
Package: ifpdf 2011/01/30 v2.3 Provides the ifpdf switch (HO)
Package ifpdf Info: pdfTeX in PDF mode is detected.
Package: etexcmds 2011/02/16 v1.5 Avoid name clashes with e-TeX commands (HO)
Package etexcmds Info: Could not find \expanded.
(etexcmds)             That can mean that you are not using pdfTeX 1.50 or
(etexcmds)             that some package has redefined \expanded.
(etexcmds)             In the latter case, load this package earlier.
Package: kvsetkeys 2012/04/25 v1.16 Key value parser (HO)
Package: kvdefinekeys 2011/04/07 v1.3 Define keys (HO)
Package: pdftexcmds 2011/11/29 v0.20 Utility functions of pdfTeX for LuaTeX (HO
)
Package pdftexcmds Info: LuaTeX not detected.
Package pdftexcmds Info: \pdf@primitive is available.
Package pdftexcmds Info: \pdf@ifprimitive is available.
Package pdftexcmds Info: \pdfdraftmode found.
Package: pdfescape 2011/11/25 v1.13 Implements pdfTeX's escape features (HO)
Package: bigintcalc 2012/04/08 v1.3 Expandable calculations on big integers (HO
)
Package: bitset 2011/01/30 v1.1 Handle bit-vector datatype (HO)
Package: uniquecounter 2011/01/30 v1.2 Provide unlimited unique counter (HO)
)
Package hobsub Info: Skipping package `hobsub' (already loaded).
Package: letltxmacro 2010/09/02 v1.4 Let assignment for LaTeX macros (HO)
Package: hopatch 2011/06/24 v1.1 Wrapper for package hooks (HO)
Package: xcolor-patch 2011/01/30 xcolor patch
Package: atveryend 2011/06/30 v1.8 Hooks at the very end of document (HO)
Package atveryend Info: \enddocument detected (standard20110627).
Package: atbegshi 2011/10/05 v1.16 At begin shipout hook (HO)
Package: refcount 2011/10/16 v3.4 Data extraction from label references (HO)
Package: hycolor 2011/01/30 v1.7 Color options for hyperref/bookmark (HO)
)
("C:\Users\JM\AppData\Local\Programs\MiKTeX 2.9\tex\generic\ifxetex\ifxetex.sty
"
Package: ifxetex 2010/09/12 v0.6 Provides ifxetex conditional
)
("C:\Users\JM\AppData\Local\Programs\MiKTeX 2.9\tex\latex\oberdiek\auxhook.sty"
Package: auxhook 2011/03/04 v1.3 Hooks for auxiliary files (HO)
)
("C:\Users\JM\AppData\Local\Programs\MiKTeX 2.9\tex\latex\oberdiek\kvoptions.st
y"
Package: kvoptions 2011/06/30 v3.11 Key value format for package options (HO)
)
\@linkdim=\dimen126
\Hy@linkcounter=\count108
\Hy@pagecounter=\count109

("C:\Users\JM\AppData\Local\Programs\MiKTeX 2.9\tex\latex\hyperref\pd1enc.def"
File: pd1enc.def 2012/11/06 v6.83m Hyperref: PDFDocEncoding definition (HO)
)
\Hy@SavedSpaceFactor=\count110
("C:\Users\JM\AppData\Local\Programs\MiKTeX 2.9\tex\latex\00miktex\hyperref.cfg
"
File: hyperref.cfg 2002/06/06 v1.2 hyperref configuration of TeXLive
)
Package hyperref Info: Hyper figures OFF on input line 4443.
Package hyperref Info: Link nesting OFF on input line 4448.
Package hyperref Info: Hyper index ON on input line 4451.
Package hyperref Info: Plain pages OFF on input line 4458.
Package hyperref Info: Backreferencing OFF on input line 4463.
Package hyperref Info: Implicit mode ON; LaTeX internals redefined.
Package hyperref Info: Bookmarks ON on input line 4688.
\c@Hy@tempcnt=\count111
 ("C:\Users\JM\AppData\Local\Programs\MiKTeX 2.9\tex\latex\url\url.sty"
\Urlmuskip=\muskip11
Package: url 2013/09/16  ver 3.4  Verb mode for urls, etc.
)
LaTeX Info: Redefining \url on input line 5041.
\XeTeXLinkMargin=\dimen127
\Fld@menulength=\count112
\Field@Width=\dimen128
\Fld@charsize=\dimen129
Package hyperref Info: Hyper figures OFF on input line 6295.
Package hyperref Info: Link nesting OFF on input line 6300.
Package hyperref Info: Hyper index ON on input line 6303.
Package hyperref Info: backreferencing OFF on input line 6310.
Package hyperref Info: Link coloring OFF on input line 6315.
Package hyperref Info: Link coloring with OCG OFF on input line 6320.
Package hyperref Info: PDF/A mode OFF on input line 6325.
LaTeX Info: Redefining \ref on input line 6365.
LaTeX Info: Redefining \pageref on input line 6369.
\Hy@abspage=\count113
\c@Item=\count114
\c@Hfootnote=\count115
)

Package hyperref Message: Driver (autodetected): hpdftex.

("C:\Users\JM\AppData\Local\Programs\MiKTeX 2.9\tex\latex\hyperref\hpdftex.def"
File: hpdftex.def 2012/11/06 v6.83m Hyperref driver for pdfTeX
\Fld@listcount=\count116
\c@bookmark@seq@number=\count117

("C:\Users\JM\AppData\Local\Programs\MiKTeX 2.9\tex\latex\oberdiek\rerunfileche
ck.sty"
Package: rerunfilecheck 2011/04/15 v1.7 Rerun checks for auxiliary files (HO)
Package uniquecounter Info: New unique counter `rerunfilecheck' on input line 2
82.
)
\Hy@SectionHShift=\skip52
)
("C:\Users\JM\AppData\Local\Programs\MiKTeX 2.9\tex\generic\genmisc\mathdots.st
y"
Package: mathdots 2004/07/02 version 0.6.
\MD@unit=\dimen130
LaTeX Info: Redefining \ddots on input line 120.
LaTeX Info: Redefining \vdots on input line 122.


Package Mathdots Warning: Redefining amsmath commands \dddot and \ddddot.

LaTeX Info: Redefining \dddot on input line 145.
LaTeX Info: Redefining \ddddot on input line 145.
)
("C:\Users\JM\AppData\Local\Programs\MiKTeX 2.9\tex\latex\multirow\multirow.sty
"
\bigstrutjot=\dimen131
) ("C:\Users\JM\AppData\Local\Programs\MiKTeX 2.9\tex\latex\base\fontenc.sty"
Package: fontenc 2005/09/27 v1.99g Standard LaTeX package

("C:\Users\JM\AppData\Local\Programs\MiKTeX 2.9\tex\latex\base\t1enc.def"
File: t1enc.def 2005/09/27 v1.99g Standard LaTeX file
LaTeX Font Info:    Redeclaring font encoding T1 on input line 48.
))
("C:\Users\JM\AppData\Local\Programs\MiKTeX 2.9\tex\latex\fancyhdr\fancyhdr.sty
"
\fancy@headwidth=\skip53
\f@ncyO@elh=\skip54
\f@ncyO@erh=\skip55
\f@ncyO@olh=\skip56
\f@ncyO@orh=\skip57
\f@ncyO@elf=\skip58
\f@ncyO@erf=\skip59
\f@ncyO@olf=\skip60
\f@ncyO@orf=\skip61
)
("C:\Users\JM\AppData\Local\Programs\MiKTeX 2.9\tex\latex\geometry\geometry.sty
"
Package: geometry 2010/09/12 v5.6 Page Geometry
\Gm@cnth=\count118
\Gm@cntv=\count119
\c@Gm@tempcnt=\count120
\Gm@bindingoffset=\dimen132
\Gm@wd@mp=\dimen133
\Gm@odd@mp=\dimen134
\Gm@even@mp=\dimen135
\Gm@layoutwidth=\dimen136
\Gm@layoutheight=\dimen137
\Gm@layouthoffset=\dimen138
\Gm@layoutvoffset=\dimen139
\Gm@dimlist=\toks20

("C:\Users\JM\AppData\Local\Programs\MiKTeX 2.9\tex\latex\geometry\geometry.cfg
")) ("C:\Users\JM\AppData\Local\Programs\MiKTeX 2.9\tex\latex\base\fontenc.sty"
Package: fontenc 2005/09/27 v1.99g Standard LaTeX package
("C:\Users\JM\AppData\Local\Programs\MiKTeX 2.9\tex\latex\base\t1enc.def"
File: t1enc.def 2005/09/27 v1.99g Standard LaTeX file
LaTeX Font Info:    Redeclaring font encoding T1 on input line 48.
))
("C:\Users\JM\AppData\Local\Programs\MiKTeX 2.9\tex\latex\mathdesign\mathdesign
.sty"
Package: mathdesign 2013/08/29 v2.31 Math Design Project
 ("C:\Users\JM\AppData\Local\Programs\MiKTeX 2.9\tex\latex\base\ifthen.sty"
Package: ifthen 2014/09/29 v1.1c Standard LaTeX ifthen package (DPC)
)
("C:\Users\JM\AppData\Local\Programs\MiKTeX 2.9\tex\latex\mathdesign\mdbch\mdbc
h.cfg")
("C:\Users\JM\AppData\Local\Programs\MiKTeX 2.9\tex\latex\mathdesign\mdbch\mdbc
h.sty"
Package: mdbch 2013/08/29 v2.31 bitstream bitstream charter + mdbch (Math Desig
n Project)

("C:\Users\JM\AppData\Local\Programs\MiKTeX 2.9\tex\latex\mathdesign\mdfont.def
"
File: mdfont.def 2013/08/29 v2.31 (Math Design Project)
)
("C:\Users\JM\AppData\Local\Programs\MiKTeX 2.9\tex\latex\mathdesign\mdsffont.d
ef"
File: mdsffont.def 2013/08/29 v2.31 (Math Design Project)
)
("C:\Users\JM\AppData\Local\Programs\MiKTeX 2.9\tex\latex\mathdesign\mdttfont.d
ef"
File: mdttfont.def 2013/08/29 v2.31 (Math Design Project)
)
\symmdcal=\mathgroup6
LaTeX Font Info:    Overwriting symbol font `mdcal' in version `bold'
(Font)                  OMS/mdbch/m/n --> OMS/mdbch/b/n on input line 97.
\symmdscr=\mathgroup7
LaTeX Font Info:    Overwriting symbol font `mdscr' in version `bold'
(Font)                  OMS/mdbch/m/n --> OMS/mdbch/b/n on input line 103.
LaTeX Font Info:    Redeclaring math alphabet \mathfrak on input line 109.
LaTeX Font Info:    Overwriting math alphabet `\mathfrak' in version `normal'
(Font)                  U/euf/m/n --> U/xmdeuf/m/n on input line 109.
LaTeX Font Info:    Overwriting math alphabet `\mathfrak' in version `bold'
(Font)                  U/euf/b/n --> U/xmdeuf/m/n on input line 109.
LaTeX Font Info:    Overwriting math alphabet `\mathfrak' in version `bold'
(Font)                  U/xmdeuf/m/n --> U/xmdeuf/b/n on input line 110.
LaTeX Info: Redefining \frak on input line 111.
LaTeX Font Info:    Overwriting symbol font `operators' in version `normal'
(Font)                  OT1/cmr/m/n --> OT1/mdbch/m/n on input line 121.
LaTeX Font Info:    Overwriting symbol font `letters' in version `normal'
(Font)                  OML/cmm/m/it --> OML/mdbch/m/it on input line 122.
LaTeX Font Info:    Overwriting symbol font `symbols' in version `normal'
(Font)                  OMS/cmsy/m/n --> OMS/mdbch/m/n on input line 123.
LaTeX Font Info:    Overwriting symbol font `largesymbols' in version `normal'
(Font)                  OMX/cmex/m/n --> OMX/mdbch/m/n on input line 124.
LaTeX Font Info:    Overwriting symbol font `operators' in version `bold'
(Font)                  OT1/cmr/bx/n --> OT1/mdbch/b/n on input line 126.
LaTeX Font Info:    Overwriting symbol font `letters' in version `bold'
(Font)                  OML/cmm/b/it --> OML/mdbch/b/it on input line 127.
LaTeX Font Info:    Overwriting symbol font `symbols' in version `bold'
(Font)                  OMS/cmsy/b/n --> OMS/mdbch/b/n on input line 128.
LaTeX Font Info:    Overwriting symbol font `largesymbols' in version `bold'
(Font)                  OMX/cmex/m/n --> OMX/mdbch/b/n on input line 129.
LaTeX Font Info:    Overwriting math alphabet `\mathrm' in version `normal'
(Font)                  OT1/mdbch/m/n --> T1/mdbch/m/n on input line 131.
LaTeX Font Info:    Overwriting math alphabet `\mathbf' in version `normal'
(Font)                  OT1/cmr/bx/n --> T1/mdbch/b/n on input line 132.
LaTeX Font Info:    Overwriting math alphabet `\mathit' in version `normal'
(Font)                  OT1/cmr/m/it --> T1/mdbch/m/it on input line 133.
LaTeX Font Info:    Overwriting math alphabet `\mathsf' in version `normal'
(Font)                  OT1/cmss/m/n --> T1/cmss/m/n on input line 134.
LaTeX Font Info:    Overwriting math alphabet `\mathtt' in version `normal'
(Font)                  OT1/cmtt/m/n --> T1/cmtt/m/n on input line 135.
LaTeX Font Info:    Overwriting math alphabet `\mathrm' in version `bold'
(Font)                  OT1/mdbch/b/n --> T1/mdbch/b/n on input line 137.
LaTeX Font Info:    Overwriting math alphabet `\mathbf' in version `bold'
(Font)                  OT1/cmr/bx/n --> T1/mdbch/b/n on input line 138.
LaTeX Font Info:    Overwriting math alphabet `\mathit' in version `bold'
(Font)                  OT1/cmr/bx/it --> T1/mdbch/b/it on input line 139.
LaTeX Font Info:    Overwriting math alphabet `\mathsf' in version `bold'
(Font)                  OT1/cmss/bx/n --> T1/cmss/b/n on input line 140.
LaTeX Font Info:    Overwriting math alphabet `\mathtt' in version `bold'
(Font)                  OT1/cmtt/m/n --> T1/cmtt/b/n on input line 141.
\symlettersupright=\mathgroup8
LaTeX Font Info:    Overwriting symbol font `lettersupright' in version `bold'
(Font)                  OML/mdbch/m/n --> OML/mdbch/b/n on input line 144.
LaTeX Font Info:    Redeclaring math alphabet \mathrm on input line 145.
LaTeX Font Info:    Overwriting math alphabet `\mathcal' in version `normal'
(Font)                  OMS/mdbch/m/n --> OMS/mdbch/m/n on input line 167.

("C:\Users\JM\AppData\Local\Programs\MiKTeX 2.9\tex\latex\xkeyval\xkeyval.sty"
Package: xkeyval 2014/12/03 v2.7a package option processing (HA)

("C:\Users\JM\AppData\Local\Programs\MiKTeX 2.9\tex\generic\xkeyval\xkeyval.tex
"
("C:\Users\JM\AppData\Local\Programs\MiKTeX 2.9\tex\generic\xkeyval\xkvutils.te
x"
\XKV@toks=\toks21
\XKV@tempa@toks=\toks22
)
\XKV@depth=\count121
File: xkeyval.tex 2014/12/03 v2.7a key=value parser (HA)
))
LaTeX Font Info:    Try loading font information for T1+mdbch on input line 186
.

("C:\Users\JM\AppData\Local\Programs\MiKTeX 2.9\tex\latex\mathdesign\mdbch\t1md
bch.fd"
File: t1mdbch.fd 2013/08/29 Fontinst v1.933 font definitions for T1/mdbch.
)
LaTeX Font Info:    Font shape `T1/mdbch/m/n' will be
(Font)              scaled to size 10.51207pt on input line 186.
LaTeX Font Info:    Redeclaring math accent \widetilde on input line 449.
LaTeX Font Info:    Redeclaring math accent \widehat on input line 450.
\symmathdesignA=\mathgroup9
LaTeX Font Info:    Overwriting symbol font `mathdesignA' in version `bold'
(Font)                  MDA/mdbch/m/n --> MDA/mdbch/b/n on input line 491.
LaTeX Font Info:    Overwriting encoding scheme math defaults on input line 493
.
\symmathdesignB=\mathgroup10
LaTeX Font Info:    Overwriting symbol font `mathdesignB' in version `bold'
(Font)                  MDB/mdbch/m/n --> MDB/mdbch/b/n on input line 498.
LaTeX Info: Redefining \bold on input line 510.
LaTeX Font Info:    Redeclaring math accent \widetilde on input line 532.
LaTeX Font Info:    Redeclaring math accent \widehat on input line 533.
\rulethickness=\skip62
)
("C:\Users\JM\AppData\Local\Programs\MiKTeX 2.9\tex\latex\base\fontenc.sty"
Package: fontenc 2005/09/27 v1.99g Standard LaTeX package

("C:\Users\JM\AppData\Local\Programs\MiKTeX 2.9\tex\latex\base\t1enc.def"
File: t1enc.def 2005/09/27 v1.99g Standard LaTeX file
LaTeX Font Info:    Redeclaring font encoding T1 on input line 48.
)))
("C:\Users\JM\AppData\Local\Programs\MiKTeX 2.9\tex\latex\setspace\setspace.sty
"
Package: setspace 2011/12/19 v6.7a set line spacing
) ("C:\Users\JM\AppData\Local\Programs\MiKTeX 2.9\tex\latex\natbib\natbib.sty"
Package: natbib 2010/09/13 8.31b (PWD, AO)
\bibhang=\skip63
\bibsep=\skip64
LaTeX Info: Redefining \cite on input line 694.
\c@NAT@ctr=\count122
)
("C:\Users\JM\AppData\Local\Programs\MiKTeX 2.9\tex\latex\listings\listings.sty
"
\lst@mode=\count123
\lst@gtempboxa=\box28
\lst@token=\toks23
\lst@length=\count124
\lst@currlwidth=\dimen140
\lst@column=\count125
\lst@pos=\count126
\lst@lostspace=\dimen141
\lst@width=\dimen142
\lst@newlines=\count127
\lst@lineno=\count128
\lst@maxwidth=\dimen143
 ("C:\Users\JM\AppData\Local\Programs\MiKTeX 2.9\tex\latex\listings\lstmisc.sty
"
File: lstmisc.sty 2015/06/04 1.6 (Carsten Heinz)
\c@lstnumber=\count129
\lst@skipnumbers=\count130
\lst@framebox=\box29
)
("C:\Users\JM\AppData\Local\Programs\MiKTeX 2.9\tex\latex\listings\listings.cfg
"
File: listings.cfg 2015/06/04 1.6 listings configuration
))
Package: listings 2015/06/04 1.6 (Carsten Heinz)
 ("C:\Users\JM\AppData\Local\Programs\MiKTeX 2.9\tex\latex\graphics\color.sty"
Package: color 2014/10/28 v1.1a Standard LaTeX Color (DPC)
 ("C:\Users\JM\AppData\Local\Programs\MiKTeX 2.9\tex\latex\00miktex\color.cfg"
File: color.cfg 2007/01/18 v1.5 color configuration of teTeX/TeXLive
)
Package color Info: Driver file: pdftex.def on input line 142.
)
("C:\Users\JM\AppData\Local\Programs\MiKTeX 2.9\tex\latex\listings\lstlang1.sty
"
File: lstlang1.sty 2015/06/04 1.6 listings language file
)
("C:\Users\JM\AppData\Local\Programs\MiKTeX 2.9\tex\latex\listings\lstlang2.sty
"
File: lstlang2.sty 2015/06/04 1.6 listings language file
)
("C:\Users\JM\AppData\Local\Programs\MiKTeX 2.9\tex\latex\listings\lstlang3.sty
"
File: lstlang3.sty 2015/06/04 1.6 listings language file
) (repeated_measurement_ANOVA_report.aux)
\openout1 = `repeated_measurement_ANOVA_report.aux'.

LaTeX Font Info:    Checking defaults for OML/cmm/m/it on input line 74.
LaTeX Font Info:    ... okay on input line 74.
LaTeX Font Info:    Checking defaults for T1/cmr/m/n on input line 74.
LaTeX Font Info:    ... okay on input line 74.
LaTeX Font Info:    Checking defaults for OT1/cmr/m/n on input line 74.
LaTeX Font Info:    ... okay on input line 74.
LaTeX Font Info:    Checking defaults for OMS/cmsy/m/n on input line 74.
LaTeX Font Info:    ... okay on input line 74.
LaTeX Font Info:    Checking defaults for OMX/cmex/m/n on input line 74.
LaTeX Font Info:    ... okay on input line 74.
LaTeX Font Info:    Checking defaults for U/cmr/m/n on input line 74.
LaTeX Font Info:    ... okay on input line 74.
LaTeX Font Info:    Checking defaults for PD1/pdf/m/n on input line 74.
LaTeX Font Info:    ... okay on input line 74.
LaTeX Font Info:    Checking defaults for MDA/cmr/m/n on input line 74.
LaTeX Font Info:    Try loading font information for MDA+cmr on input line 74.

("C:\Users\JM\AppData\Local\Programs\MiKTeX 2.9\tex\latex\mathdesign\mdacmr.fd"
File: mdacmr.fd 
)
LaTeX Font Info:    ... okay on input line 74.
LaTeX Font Info:    Checking defaults for MDB/cmr/m/n on input line 74.
LaTeX Font Info:    Try loading font information for MDB+cmr on input line 74.
 ("C:\Users\JM\AppData\Local\Programs\MiKTeX 2.9\tex\latex\mathdesign\mdbcmr.fd
"
File: mdbcmr.fd 
)
LaTeX Font Info:    ... okay on input line 74.

("C:\Users\JM\AppData\Local\Programs\MiKTeX 2.9\tex\context\base\supp-pdf.mkii"
[Loading MPS to PDF converter (version 2006.09.02).]
\scratchcounter=\count131
\scratchdimen=\dimen144
\scratchbox=\box30
\nofMPsegments=\count132
\nofMParguments=\count133
\everyMPshowfont=\toks24
\MPscratchCnt=\count134
\MPscratchDim=\dimen145
\MPnumerator=\count135
\makeMPintoPDFobject=\count136
\everyMPtoPDFconversion=\toks25
)
Package caption Info: Begin \AtBeginDocument code.
Package caption Info: subfig package v1.3 is loaded.
Package caption Info: hyperref package is loaded.
Package caption Info: listings package is loaded.
Package caption Info: End \AtBeginDocument code.
\AtBeginShipoutBox=\box31
Package hyperref Info: Link coloring OFF on input line 74.
 ("C:\Users\JM\AppData\Local\Programs\MiKTeX 2.9\tex\latex\hyperref\nameref.sty
"
Package: nameref 2012/10/27 v2.43 Cross-referencing by name of section

("C:\Users\JM\AppData\Local\Programs\MiKTeX 2.9\tex\generic\oberdiek\gettitlest
ring.sty"
Package: gettitlestring 2010/12/03 v1.4 Cleanup title references (HO)
)
\c@section@level=\count137
)
LaTeX Info: Redefining \ref on input line 74.
LaTeX Info: Redefining \pageref on input line 74.
LaTeX Info: Redefining \nameref on input line 74.
 (repeated_measurement_ANOVA_report.out)
(repeated_measurement_ANOVA_report.out)
\@outlinefile=\write3
\openout3 = `repeated_measurement_ANOVA_report.out'.


*geometry* driver: auto-detecting
*geometry* detected driver: pdftex
*geometry* verbose mode - [ preamble ] result:
* driver: pdftex
* paper: <default>
* layout: <same size as paper>
* layoutoffset:(h,v)=(0.0pt,0.0pt)
* modes: 
* h-part:(L,W,R)=(113.81102pt, 443.57848pt, 56.9055pt)
* v-part:(T,H,B)=(56.9055pt, 681.15898pt, 56.9055pt)
* \paperwidth=614.295pt
* \paperheight=794.96999pt
* \textwidth=443.57848pt
* \textheight=681.15898pt
* \oddsidemargin=41.54103pt
* \evensidemargin=41.54103pt
* \topmargin=-52.36449pt
* \headheight=12.0pt
* \headsep=25.0pt
* \topskip=11.0pt
* \footskip=30.0pt
* \marginparwidth=59.0pt
* \marginparsep=10.0pt
* \columnsep=10.0pt
* \skip\footins=10.0pt plus 4.0pt minus 2.0pt
* \hoffset=0.0pt
* \voffset=0.0pt
* \mag=1000
* \@twocolumnfalse
* \@twosidefalse
* \@mparswitchfalse
* \@reversemarginfalse
* (1in=72.27pt=25.4mm, 1cm=28.453pt)


Package mathdesign/mdbch Warning: Package 'amssymb' shouldn't be used in conjon
ction with package mdbch, on input line 74.


Package mathdesign/mdbch Warning: Package 'amsfonts' shouldn't be used in conjo
nction with package mdbch, on input line 74.

\c@lstlisting=\count138
LaTeX Font Info:    Font shape `T1/mdbch/m/n' will be
(Font)              scaled to size 16.58891pt on input line 76.
LaTeX Font Info:    Font shape `T1/mdbch/b/n' will be
(Font)              scaled to size 16.58891pt on input line 76.
LaTeX Font Info:    Font shape `T1/mdbch/m/n' will be
(Font)              scaled to size 11.52008pt on input line 76.
LaTeX Font Info:    Try loading font information for OT1+mdbch on input line 76
.

("C:\Users\JM\AppData\Local\Programs\MiKTeX 2.9\tex\latex\mathdesign\mdbch\ot1m
dbch.fd"
File: ot1mdbch.fd 2013/08/29 Fontinst v1.933 font definitions for OT1/mdbch.
)
LaTeX Font Info:    Font shape `OT1/mdbch/m/n' will be
(Font)              scaled to size 11.52008pt on input line 76.
LaTeX Font Info:    Font shape `OT1/mdbch/m/n' will be
(Font)              scaled to size 7.68005pt on input line 76.
LaTeX Font Info:    Font shape `OT1/mdbch/m/n' will be
(Font)              scaled to size 5.76004pt on input line 76.
LaTeX Font Info:    Try loading font information for OML+mdbch on input line 76
.

("C:\Users\JM\AppData\Local\Programs\MiKTeX 2.9\tex\latex\mathdesign\mdbch\omlm
dbch.fd"
File: omlmdbch.fd 2013/08/29 Fontinst v1.933 font definitions for OML/mdbch.
)
LaTeX Font Info:    Font shape `OML/mdbch/m/it' will be
(Font)              scaled to size 11.52008pt on input line 76.
LaTeX Font Info:    Font shape `OML/mdbch/m/it' will be
(Font)              scaled to size 7.68005pt on input line 76.
LaTeX Font Info:    Font shape `OML/mdbch/m/it' will be
(Font)              scaled to size 5.76004pt on input line 76.
LaTeX Font Info:    Try loading font information for OMS+mdbch on input line 76
.

("C:\Users\JM\AppData\Local\Programs\MiKTeX 2.9\tex\latex\mathdesign\mdbch\omsm
dbch.fd"
File: omsmdbch.fd 2013/08/29 Fontinst v1.933 font definitions for OMS/mdbch.
)
LaTeX Font Info:    Font shape `OMS/mdbch/m/n' will be
(Font)              scaled to size 11.52008pt on input line 76.
LaTeX Font Info:    Font shape `OMS/mdbch/m/n' will be
(Font)              scaled to size 7.68005pt on input line 76.
LaTeX Font Info:    Font shape `OMS/mdbch/m/n' will be
(Font)              scaled to size 5.76004pt on input line 76.
LaTeX Font Info:    Try loading font information for OMX+mdbch on input line 76
.

("C:\Users\JM\AppData\Local\Programs\MiKTeX 2.9\tex\latex\mathdesign\mdbch\omxm
dbch.fd"
File: omxmdbch.fd 2013/08/29 Fontinst v1.933 font definitions for OMX/mdbch.
)
LaTeX Font Info:    Font shape `OMX/mdbch/m/n' will be
(Font)              scaled to size 11.52008pt on input line 76.
LaTeX Font Info:    Font shape `OMX/mdbch/m/n' will be
(Font)              scaled to size 7.68005pt on input line 76.
LaTeX Font Info:    Font shape `OMX/mdbch/m/n' will be
(Font)              scaled to size 5.76004pt on input line 76.
LaTeX Font Info:    Try loading font information for U+msa on input line 76.

("C:\Users\JM\AppData\Local\Programs\MiKTeX 2.9\tex\latex\amsfonts\umsa.fd"
File: umsa.fd 2013/01/14 v3.01 AMS symbols A
)
LaTeX Font Info:    Try loading font information for U+msb on input line 76.

("C:\Users\JM\AppData\Local\Programs\MiKTeX 2.9\tex\latex\amsfonts\umsb.fd"
File: umsb.fd 2013/01/14 v3.01 AMS symbols B
)
LaTeX Font Info:    Font shape `OML/mdbch/m/n' will be
(Font)              scaled to size 11.52008pt on input line 76.
LaTeX Font Info:    Font shape `OML/mdbch/m/n' will be
(Font)              scaled to size 7.68005pt on input line 76.
LaTeX Font Info:    Font shape `OML/mdbch/m/n' will be
(Font)              scaled to size 5.76004pt on input line 76.
LaTeX Font Info:    Try loading font information for MDA+mdbch on input line 76
.

("C:\Users\JM\AppData\Local\Programs\MiKTeX 2.9\tex\latex\mathdesign\mdbch\mdam
dbch.fd"
File: mdamdbch.fd 2013/08/29 Fontinst v1.933 font definitions for MDA/mdbch.
)
LaTeX Font Info:    Font shape `MDA/mdbch/m/n' will be
(Font)              scaled to size 11.52008pt on input line 76.
LaTeX Font Info:    Font shape `MDA/mdbch/m/n' will be
(Font)              scaled to size 7.68005pt on input line 76.
LaTeX Font Info:    Font shape `MDA/mdbch/m/n' will be
(Font)              scaled to size 5.76004pt on input line 76.
LaTeX Font Info:    Try loading font information for MDB+mdbch on input line 76
.

("C:\Users\JM\AppData\Local\Programs\MiKTeX 2.9\tex\latex\mathdesign\mdbch\mdbm
dbch.fd"
File: mdbmdbch.fd 2013/08/29 Fontinst v1.933 font definitions for MDB/mdbch.
)
LaTeX Font Info:    Font shape `MDB/mdbch/m/n' will be
(Font)              scaled to size 11.52008pt on input line 76.
LaTeX Font Info:    Font shape `MDB/mdbch/m/n' will be
(Font)              scaled to size 7.68005pt on input line 76.
LaTeX Font Info:    Font shape `MDB/mdbch/m/n' will be
(Font)              scaled to size 5.76004pt on input line 76.


Package Fancyhdr Warning: \headheight is too small (12.0pt): 
 Make it at least 13.59999pt.
 We now make it that large for the rest of the document.
 This may cause the page layout to be inconsistent, however.

[1{C:/Users/JM/AppData/Local/MiKTeX/2.9/pdftex/config/pdftex.map}

]
LaTeX Font Info:    Font shape `T1/mdbch/m/n' will be
(Font)              scaled to size 13.82408pt on input line 78.
LaTeX Font Info:    Font shape `T1/mdbch/b/n' will be
(Font)              scaled to size 13.82408pt on input line 78.

(repeated_measurement_ANOVA_report.toc
LaTeX Font Info:    Font shape `T1/mdbch/b/n' will be
(Font)              scaled to size 10.51207pt on input line 1.
LaTeX Font Info:    Font shape `OT1/mdbch/m/n' will be
(Font)              scaled to size 10.51207pt on input line 2.
LaTeX Font Info:    Font shape `OML/mdbch/m/it' will be
(Font)              scaled to size 10.51207pt on input line 2.
LaTeX Font Info:    Font shape `OMS/mdbch/m/n' will be
(Font)              scaled to size 10.51207pt on input line 2.
LaTeX Font Info:    Font shape `OMX/mdbch/m/n' will be
(Font)              scaled to size 10.51207pt on input line 2.
LaTeX Font Info:    Font shape `OML/mdbch/m/n' will be
(Font)              scaled to size 10.51207pt on input line 2.
LaTeX Font Info:    Font shape `MDA/mdbch/m/n' will be
(Font)              scaled to size 10.51207pt on input line 2.
LaTeX Font Info:    Font shape `MDB/mdbch/m/n' will be
(Font)              scaled to size 10.51207pt on input line 2.
)
\tf@toc=\write4
\openout4 = `repeated_measurement_ANOVA_report.toc'.

 [2]
LaTeX Font Info:    Font shape `T1/mdbch/b/n' will be
(Font)              scaled to size 11.52008pt on input line 81.


Package natbib Warning: Citation `ringelmann1913research' on page 3 undefined o
n input line 86.


Underfull \hbox (badness 10000) in paragraph at lines 91--92

 []

LaTeX Font Info:    Font shape `T1/mdbch/m/n' will be
(Font)              scaled to size 9.60007pt on input line 93.
LaTeX Font Info:    Font shape `T1/cmtt/m/n' will be
(Font)              scaled to size 10.72006pt on input line 93.
LaTeX Font Info:    Font shape `T1/cmtt/b/n' in size <10> not available
(Font)              Font shape `T1/cmtt/bx/n' tried instead on input line 95.
LaTeX Font Info:    Font shape `T1/cmtt/bx/n' in size <10> not available
(Font)              Font shape `T1/cmtt/m/n' tried instead on input line 95.
LaTeX Font Info:    Font shape `T1/cmtt/m/n' will be
(Font)              scaled to size 10.72006pt on input line 95.

Underfull \hbox (badness 10000) in paragraph at lines 99--100

 []


Underfull \hbox (badness 10000) in paragraph at lines 101--102

 []

[3]
Underfull \hbox (badness 10000) in paragraph at lines 131--132

 []


Underfull \hbox (badness 10000) in paragraph at lines 133--134

 []


Underfull \hbox (badness 10000) in paragraph at lines 138--139

 []

[4]
Underfull \hbox (badness 10000) in paragraph at lines 157--158

 []


Underfull \hbox (badness 10000) in paragraph at lines 163--164

 []

Missing character: There is no  in font mdbchr7t!
Missing character: There is no ù in font mdbchr7t!
Missing character: There is no ë in font mdbchr7t!
Missing character: There is no Ö in font mdbchr7t!

Underfull \hbox (badness 10000) in paragraph at lines 165--166

 []

[5]
Underfull \hbox (badness 10000) in paragraph at lines 181--182

 []


Underfull \hbox (badness 10000) in paragraph at lines 192--193

 []


Underfull \hbox (badness 10000) in paragraph at lines 198--200

 []

Missing character: There is no  in font mdbchr7t!
Missing character: There is no ù in font mdbchr7t!
Missing character: There is no ë in font mdbchr7t!
Missing character: There is no ã in font mdbchr7t!
Missing character: There is no  in font mdbchr7t!
Missing character: There is no ù in font mdbchr7t!
Missing character: There is no ë in font mdbchr7t!
Missing character: There is no ã in font mdbchr7t!
Missing character: There is no  in font mdbchr7t!
Missing character: There is no ù in font mdbchr7t!
Missing character: There is no ë in font mdbchr7t!
Missing character: There is no ã in font mdbchr7t!
Missing character: There is no  in font mdbchr7t!
Missing character: There is no ù in font mdbchr7t!
Missing character: There is no ë in font mdbchr7t!
Missing character: There is no ù in font mdbchr7t!
[6]
Underfull \hbox (badness 10000) in paragraph at lines 231--232

 []


Underfull \hbox (badness 10000) in paragraph at lines 244--245

 []


Underfull \hbox (badness 10000) in paragraph at lines 246--247

 []

[7]
LaTeX Font Info:    Font shape `T1/mdbch/m/n' will be
(Font)              scaled to size 7.68005pt on input line 252.
LaTeX Font Info:    Font shape `T1/mdbch/m/n' will be
(Font)              scaled to size 5.76004pt on input line 252.

Underfull \hbox (badness 10000) in paragraph at lines 252--253

 []


Underfull \hbox (badness 10000) in paragraph at lines 265--267

 []


Underfull \hbox (badness 10000) in paragraph at lines 275--277

 []


Underfull \hbox (badness 10000) in paragraph at lines 288--290

 []

[8]
Underfull \hbox (badness 10000) in paragraph at lines 297--299

 []


Underfull \hbox (badness 10000) in paragraph at lines 319--320

 []


Underfull \hbox (badness 10000) in paragraph at lines 324--325

 []

<CIs.pdf, id=242, 578.16pt x 361.35pt>
File: CIs.pdf Graphic file (type pdf)
 <use CIs.pdf>
Package pdftex.def Info: CIs.pdf used on input line 328.
(pdftex.def)             Requested size: 346.89867pt x 216.81168pt.

Underfull \hbox (badness 10000) in paragraph at lines 336--337

 []

[9]
Underfull \hbox (badness 10000) in paragraph at lines 342--343

 []

[10 <./CIs.pdf>]
Underfull \hbox (badness 10000) in paragraph at lines 349--350

 []


Underfull \hbox (badness 10000) in paragraph at lines 356--357

 []

[11] [12]
Missing character: There is no  in font mdbchr7t!
Missing character: There is no ù in font mdbchr7t!
Missing character: There is no ë in font mdbchr7t!
Missing character: There is no  in font mdbchr7t!
Missing character: There is no ù in font mdbchr7t!
Missing character: There is no ë in font mdbchr7t!
Missing character: There is no ã in font mdbchr7t!
Missing character: There is no  in font mdbchr7t!
Missing character: There is no ù in font mdbchr7t!
Missing character: There is no ú in font mdbchr7t!
Missing character: There is no í in font mdbchr7t!
Missing character: There is no  in font mdbchr7t!
Missing character: There is no ù in font mdbchr7t!
Missing character: There is no ë in font mdbchr7t!
Missing character: There is no ã in font mdbchr7t!
Missing character: There is no  in font mdbchr7t!
Missing character: There is no ù in font mdbchr7t!
Missing character: There is no ë in font mdbchr7t!
Missing character: There is no ù in font mdbchr7t!
Missing character: There is no  in font mdbchr7t!
Missing character: There is no ù in font mdbchr7t!
Missing character: There is no ë in font mdbchr7t!
Missing character: There is no ã in font mdbchr7t!
Missing character: There is no  in font mdbchr7t!
Missing character: There is no ù in font mdbchr7t!
Missing character: There is no ê in font mdbchr7t!
Missing character: There is no µ in font mdbchr7t!
Missing character: There is no  in font mdbchr7t!
Missing character: There is no ù in font mdbchr7t!
Missing character: There is no ë in font mdbchr7t!
Missing character: There is no ú in font mdbchr7t!
Missing character: There is no  in font mdbchr7t!
Missing character: There is no ù in font mdbchr7t!
Missing character: There is no ë in font mdbchr7t!
Missing character: There is no • in font mdbchr7t!
Missing character: There is no  in font mdbchr7t!
Missing character: There is no ù in font mdbchr7t!
Missing character: There is no ë in font mdbchr7t!
Missing character: There is no ã in font mdbchr7t!
Missing character: There is no  in font mdbchr7t!
Missing character: There is no ù in font mdbchr7t!
Missing character: There is no ê in font mdbchr7t!
Missing character: There is no π in font mdbchr7t!
Missing character: There is no  in font mdbchr7t!
Missing character: There is no ù in font mdbchr7t!
Missing character: There is no ë in font mdbchr7t!
Missing character: There is no ã in font mdbchr7t!
Missing character: There is no  in font mdbchr7t!
Missing character: There is no ù in font mdbchr7t!
Missing character: There is no ë in font mdbchr7t!
Missing character: There is no ã in font mdbchr7t!
Missing character: There is no  in font mdbchr7t!
Missing character: There is no ù in font mdbchr7t!
Missing character: There is no ë in font mdbchr7t!
Missing character: There is no ã in font mdbchr7t!
Missing character: There is no  in font mdbchr7t!
Missing character: There is no ù in font mdbchr7t!
Missing character: There is no ë in font mdbchr7t!
Missing character: There is no ù in font mdbchr7t!
Missing character: There is no  in font mdbchr7t!
Missing character: There is no ù in font mdbchr7t!
Missing character: There is no ë in font mdbchr7t!
Missing character: There is no ã in font mdbchr7t!


Package natbib Warning: Citation `003' on page 13 undefined on input line 436.

[13]
Underfull \hbox (badness 10000) in paragraph at lines 446--447

 []


Underfull \hbox (badness 10000) in paragraph at lines 453--454

 []

[14]
Underfull \hbox (badness 10000) in paragraph at lines 469--470

 []


Underfull \hbox (badness 10000) in paragraph at lines 487--488

 []


Underfull \hbox (badness 10000) in paragraph at lines 494--495

 []

[15]
Underfull \hbox (badness 10000) in paragraph at lines 512--513

 []

[16]
Underfull \hbox (badness 10000) in paragraph at lines 544--545

 []


Underfull \hbox (badness 10000) in paragraph at lines 552--553

 []


Underfull \hbox (badness 10000) in paragraph at lines 559--560

 []


Underfull \hbox (badness 10000) in paragraph at lines 562--563

 []


Underfull \hbox (badness 10000) in paragraph at lines 565--566

 []


Underfull \hbox (badness 10000) in paragraph at lines 573--574

 []


Underfull \hbox (badness 10000) in paragraph at lines 575--577

 []

[17]
Underfull \hbox (badness 10000) in paragraph at lines 582--583

 []


Underfull \hbox (badness 10000) in paragraph at lines 584--585

 []

Missing character: There is no  in font mdbchr7t!
Missing character: There is no ù in font mdbchr7t!
Missing character: There is no ë in font mdbchr7t!
Missing character: There is no Ü in font mdbchr7t!
Missing character: There is no  in font mdbchr7t!
Missing character: There is no ù in font mdbchr7t!
Missing character: There is no ë in font mdbchr7t!
Missing character: There is no Ü in font mdbchr7t!
Missing character: There is no  in font mdbchr7t!
Missing character: There is no ù in font mdbchr7t!
Missing character: There is no ë in font mdbchr7t!
Missing character: There is no ô in font mdbchr7t!
Missing character: There is no  in font mdbchr7t!
Missing character: There is no ù in font mdbchr7t!
Missing character: There is no ë in font mdbchr7t!
Missing character: There is no ñ in font mdbchr7t!
Missing character: There is no  in font mdbchr7t!
Missing character: There is no ù in font mdbchr7t!
Missing character: There is no ë in font mdbchr7t!
Missing character: There is no õ in font mdbchr7t!
Missing character: There is no  in font mdbchr7t!
Missing character: There is no ù in font mdbchr7t!
Missing character: There is no ë in font mdbchr7t!
Missing character: There is no ã in font mdbchr7t!
Missing character: There is no  in font mdbchr7t!
Missing character: There is no ù in font mdbchr7t!
Missing character: There is no ë in font mdbchr7t!
Missing character: There is no ° in font mdbchr7t!
Missing character: There is no  in font mdbchr7t!
Missing character: There is no ù in font mdbchr7t!
Missing character: There is no ë in font mdbchr7t!
Missing character: There is no ã in font mdbchr7t!
Missing character: There is no  in font mdbchr7t!
Missing character: There is no ù in font mdbchr7t!
Missing character: There is no ë in font mdbchr7t!
Missing character: There is no ù in font mdbchr7t!
Missing character: There is no  in font mdbchr7t!
Missing character: There is no ù in font mdbchr7t!
Missing character: There is no ë in font mdbchr7t!
Missing character: There is no ã in font mdbchr7t!
Missing character: There is no  in font mdbchr7t!
Missing character: There is no ù in font mdbchr7t!
Missing character: There is no ë in font mdbchr7t!
Missing character: There is no Ü in font mdbchr7t!
Missing character: There is no  in font mdbchr7t!
Missing character: There is no ù in font mdbchr7t!
Missing character: There is no ë in font mdbchr7t!
Missing character: There is no Ü in font mdbchr7t!
Missing character: There is no  in font mdbchr7t!
Missing character: There is no ù in font mdbchr7t!
Missing character: There is no ë in font mdbchr7t!
Missing character: There is no û in font mdbchr7t!
Missing character: There is no  in font mdbchr7t!
Missing character: There is no ù in font mdbchr7t!
Missing character: There is no ë in font mdbchr7t!
Missing character: There is no ¢ in font mdbchr7t!
Missing character: There is no  in font mdbchr7t!
Missing character: There is no ù in font mdbchr7t!
Missing character: There is no ë in font mdbchr7t!
Missing character: There is no é in font mdbchr7t!
Missing character: There is no  in font mdbchr7t!
Missing character: There is no ù in font mdbchr7t!
Missing character: There is no ë in font mdbchr7t!
Missing character: There is no ã in font mdbchr7t!
Missing character: There is no  in font mdbchr7t!
Missing character: There is no ù in font mdbchr7t!
Missing character: There is no ë in font mdbchr7t!
Missing character: There is no ° in font mdbchr7t!
Missing character: There is no  in font mdbchr7t!
Missing character: There is no ù in font mdbchr7t!
Missing character: There is no ë in font mdbchr7t!
Missing character: There is no ã in font mdbchr7t!
Missing character: There is no  in font mdbchr7t!
Missing character: There is no ù in font mdbchr7t!
Missing character: There is no ë in font mdbchr7t!
Missing character: There is no ù in font mdbchr7t!
Missing character: There is no  in font mdbchr7t!
Missing character: There is no ù in font mdbchr7t!
Missing character: There is no ë in font mdbchr7t!
Missing character: There is no ã in font mdbchr7t!

Package natbib Warning: Citation `.' on page 18 undefined on input line 604.


Underfull \hbox (badness 10000) in paragraph at lines 604--605

 []

[18]
Underfull \hbox (badness 10000) in paragraph at lines 606--607

 []


Underfull \hbox (badness 10000) in paragraph at lines 608--609

 []


Underfull \hbox (badness 10000) in paragraph at lines 610--611

 []


Underfull \hbox (badness 10000) in paragraph at lines 612--614

 []

[19]
Underfull \hbox (badness 10000) in paragraph at lines 622--623

 []


Underfull \hbox (badness 10000) in paragraph at lines 640--641

 []


Underfull \hbox (badness 10000) in paragraph at lines 649--652

 []

[20] [21]
Underfull \hbox (badness 10000) in paragraph at lines 687--712

 []

[22] (repeated_measurement_ANOVA_report.bbl
LaTeX Font Info:    Font shape `T1/mdbch/m/it' will be
(Font)              scaled to size 10.51207pt on input line 6.
)

Package natbib Warning: There were undefined citations.

Package atveryend Info: Empty hook `BeforeClearDocument' on input line 734.
[23]
Package atveryend Info: Empty hook `AfterLastShipout' on input line 734.
 (repeated_measurement_ANOVA_report.aux)
Package atveryend Info: Executing hook `AtVeryEndDocument' on input line 734.
Package atveryend Info: Executing hook `AtEndAfterFileList' on input line 734.
Package rerunfilecheck Info: File `repeated_measurement_ANOVA_report.out' has n
ot changed.
(rerunfilecheck)             Checksum: AE563DACE27DD31A691DAE60EBAFB2DC;1259.
Package atveryend Info: Empty hook `AtVeryVeryEnd' on input line 734.
 ) 
Here is how much of TeX's memory you used:
 12076 strings out of 493634
 178311 string characters out of 3136463
 377764 words of memory out of 3000000
 14945 multiletter control sequences out of 15000+200000
 53723 words of font info for 95 fonts, out of 3000000 for 9000
 1025 hyphenation exceptions out of 8191
 44i,12n,77p,1915b,1721s stack positions out of 5000i,500n,10000p,200000b,50000s
{C:/Users/JM/AppData/Local/Programs/MiKTeX 2.9/fonts/enc/dvips/fontname/texna
nsi.enc} <C:\Users\JM\AppData\Local\MiKTeX\2.9\fonts\pk\ljfour\jknappen\ec\dpi6
43\ectt1000.pk><C:/Users/JM/AppData/Local/Programs/MiKTeX 2.9/fonts/type1/bitst
rea/charter/bchb8a.pfb><C:/Users/JM/AppData/Local/Programs/MiKTeX 2.9/fonts/typ
e1/bitstrea/charter/bchr8a.pfb><C:/Users/JM/AppData/Local/Programs/MiKTeX 2.9/f
onts/type1/bitstrea/charter/bchri8a.pfb><C:/Users/JM/AppData/Local/Programs/MiK
TeX 2.9/fonts/type1/mathdesign/mdbch/md-chr7t.pfb><C:/Users/JM/AppData/Local/Pr
ograms/MiKTeX 2.9/fonts/type1/mathdesign/mdbch/md-chr7v.pfb><C:/Users/JM/AppDat
a/Local/Programs/MiKTeX 2.9/fonts/type1/mathdesign/mdbch/md-chr7y.pfb><C:/Users
/JM/AppData/Local/Programs/MiKTeX 2.9/fonts/type1/mathdesign/mdbch/md-chr8t.pfb
><C:/Users/JM/AppData/Local/Programs/MiKTeX 2.9/fonts/type1/mathdesign/mdbch/md
-chri7m.pfb>
Output written on repeated_measurement_ANOVA_report.pdf (23 pages, 216631 bytes
).
PDF statistics:
 689 PDF objects out of 1000 (max. 8388607)
 300 named destinations out of 1000 (max. 500000)
 158 words of extra memory for PDF output out of 10000 (max. 10000000)

